<?xml version="1.0" encoding="UTF-8"?>
<!-- Generated by org.testng.reporters.JUnitXMLReporter -->
<testsuite ignored="0" hostname="DESKTOP-26USB7E" failures="1" tests="2" name="Test" time="28.408" errors="0" timestamp="2023-04-11T15:59:15 IST">
  <testcase classname="omayoBlog.TestCases.HomePageTestCases" name="verifyBlogTitle" time="0.015"/>
  <testcase classname="omayoBlog.TestCases.HomePageTestCases" name="verifyAlertTest" time="0.231">
    <failure type="java.lang.AssertionError" message="expected [true] but found [false]">
      <![CDATA[java.lang.AssertionError: expected [true] but found [false]
at omayoBlog.TestCases.HomePageTestCases.verifyAlertTest(HomePageTestCases.java:24)
at java.base/java.util.ArrayList.forEach(ArrayList.java:1511)
... Removed 31 stack frames]]>
    </failure>
  </testcase> <!-- verifyAlertTest -->
</testsuite> <!-- Test -->
