<?xml version="1.0" encoding="UTF-8"?>
<!-- Generated by org.testng.reporters.JUnitXMLReporter -->
<testsuite ignored="0" hostname="DESKTOP-26USB7E" failures="0" tests="2" name="Test" time="0.79" errors="0" timestamp="2023-04-25T15:57:20 IST">
  <testcase classname="omayoBlog.TestCases.BaseTestCase" name="@BeforeMethod initiateBrowser" time="0.676">
    <failure type="java.lang.IllegalStateException" message="The path to the driver executable The path to the driver executable must be set by the webdriver.gecko.driver system property; for more information, see https://github.com/mozilla/geckodriver. The latest version can be downloaded from https://github.com/mozilla/geckodriver/releases">
      <![CDATA[java.lang.IllegalStateException: The path to the driver executable The path to the driver executable must be set by the webdriver.gecko.driver system property; for more information, see https://github.com/mozilla/geckodriver. The latest version can be downloaded from https://github.com/mozilla/geckodriver/releases
at org.openqa.selenium.internal.Require$StateChecker.nonNull(Require.java:314)
at org.openqa.selenium.remote.service.DriverService.findExecutable(DriverService.java:149)
at org.openqa.selenium.firefox.GeckoDriverService.access$100(GeckoDriverService.java:47)
at org.openqa.selenium.firefox.GeckoDriverService$Builder.findDefaultExecutable(GeckoDriverService.java:164)
at org.openqa.selenium.remote.service.DriverService$Builder.build(DriverService.java:456)
at org.openqa.selenium.firefox.GeckoDriverService.createDefaultService(GeckoDriverService.java:100)
at org.openqa.selenium.firefox.FirefoxDriver.<init>(FirefoxDriver.java:111)
at org.openqa.selenium.firefox.FirefoxDriver.<init>(FirefoxDriver.java:101)
at com.codemindPP.Utility.getDriver(Utility.java:45)
at omayoBlog.TestCases.BaseTestCase.initiateBrowser(BaseTestCase.java:18)
at java.base/java.util.ArrayList.forEach(ArrayList.java:1511)
... Removed 35 stack frames]]>
    </failure>
  </testcase> <!-- @BeforeMethod initiateBrowser -->
  <testcase classname="omayoBlog.TestCases.BaseTestCase" name="@AfterMethod tearDown" time="0.0">
    <skipped/>
  </testcase> <!-- @AfterMethod tearDown -->
  <testcase classname="omayoBlog.TestCases.BaseTestCase" name="@BeforeMethod initiateBrowser" time="0.0">
    <skipped/>
  </testcase> <!-- @BeforeMethod initiateBrowser -->
  <testcase classname="omayoBlog.TestCases.BaseTestCase" name="@AfterMethod tearDown" time="0.0">
    <skipped/>
  </testcase> <!-- @AfterMethod tearDown -->
  <testcase classname="omayoBlog.TestCases.HomePageTestCases" name="verifyBlogTitle" time="0.0">
    <skipped/>
  </testcase> <!-- verifyBlogTitle -->
  <testcase classname="omayoBlog.TestCases.HomePageTestCases" name="verifyAlertTest" time="0.0">
    <skipped/>
  </testcase> <!-- verifyAlertTest -->
</testsuite> <!-- Test -->
